This is pdfTeX, Version 3.14159265-2.6-1.40.16 (TeX Live 2015) (preloaded format=pdflatex 2015.5.24)  18 NOV 2015 11:21
entering extended mode
 restricted \write18 enabled.
 file:line:error style messages enabled.
 %&-line parsing enabled.
**hw5-aseabrad.tex
(./hw5-aseabrad.tex
LaTeX2e <2015/01/01>
Babel <3.9l> and hyphenation patterns for 79 languages loaded.
(/usr/local/texlive/2015/texmf-dist/tex/latex/base/article.cls
Document Class: article 2014/09/29 v1.4h Standard LaTeX document class
(/usr/local/texlive/2015/texmf-dist/tex/latex/base/size10.clo
File: size10.clo 2014/09/29 v1.4h Standard LaTeX file (size option)
)
\c@part=\count79
\c@section=\count80
\c@subsection=\count81
\c@subsubsection=\count82
\c@paragraph=\count83
\c@subparagraph=\count84
\c@figure=\count85
\c@table=\count86
\abovecaptionskip=\skip41
\belowcaptionskip=\skip42
\bibindent=\dimen102
)
(/usr/local/texlive/2015/texmf-dist/tex/latex/listings/listings.sty
(/usr/local/texlive/2015/texmf-dist/tex/latex/graphics/keyval.sty
Package: keyval 2014/10/28 v1.15 key=value parser (DPC)
\KV@toks@=\toks14
)
\lst@mode=\count87
\lst@gtempboxa=\box26
\lst@token=\toks15
\lst@length=\count88
\lst@currlwidth=\dimen103
\lst@column=\count89
\lst@pos=\count90
\lst@lostspace=\dimen104
\lst@width=\dimen105
\lst@newlines=\count91
\lst@lineno=\count92
\lst@maxwidth=\dimen106

(/usr/local/texlive/2015/texmf-dist/tex/latex/listings/lstmisc.sty
File: lstmisc.sty 2014/09/06 1.5e (Carsten Heinz)
\c@lstnumber=\count93
\lst@skipnumbers=\count94
\lst@framebox=\box27
)
(/usr/local/texlive/2015/texmf-dist/tex/latex/listings/listings.cfg
File: listings.cfg 2014/09/06 1.5e listings configuration
))
Package: listings 2014/09/06 1.5e (Carsten Heinz)

(/usr/local/texlive/2015/texmf-dist/tex/latex/graphics/graphicx.sty
Package: graphicx 2014/10/28 v1.0g Enhanced LaTeX Graphics (DPC,SPQR)

(/usr/local/texlive/2015/texmf-dist/tex/latex/graphics/graphics.sty
Package: graphics 2014/10/28 v1.0p Standard LaTeX Graphics (DPC,SPQR)

(/usr/local/texlive/2015/texmf-dist/tex/latex/graphics/trig.sty
Package: trig 1999/03/16 v1.09 sin cos tan (DPC)
)
(/usr/local/texlive/2015/texmf-dist/tex/latex/latexconfig/graphics.cfg
File: graphics.cfg 2010/04/23 v1.9 graphics configuration of TeX Live
)
Package graphics Info: Driver file: pdftex.def on input line 94.

(/usr/local/texlive/2015/texmf-dist/tex/latex/pdftex-def/pdftex.def
File: pdftex.def 2011/05/27 v0.06d Graphics/color for pdfTeX

(/usr/local/texlive/2015/texmf-dist/tex/generic/oberdiek/infwarerr.sty
Package: infwarerr 2010/04/08 v1.3 Providing info/warning/error messages (HO)
)
(/usr/local/texlive/2015/texmf-dist/tex/generic/oberdiek/ltxcmds.sty
Package: ltxcmds 2011/11/09 v1.22 LaTeX kernel commands for general use (HO)
)
\Gread@gobject=\count95
))
\Gin@req@height=\dimen107
\Gin@req@width=\dimen108
)
(/usr/local/texlive/2015/texmf-dist/tex/latex/float/float.sty
Package: float 2001/11/08 v1.3d Float enhancements (AL)
\c@float@type=\count96
\float@exts=\toks16
\float@box=\box28
\@float@everytoks=\toks17
\@floatcapt=\box29
)
(./hw5-aseabrad.aux)
\openout1 = `hw5-aseabrad.aux'.

LaTeX Font Info:    Checking defaults for OML/cmm/m/it on input line 10.
LaTeX Font Info:    ... okay on input line 10.
LaTeX Font Info:    Checking defaults for T1/cmr/m/n on input line 10.
LaTeX Font Info:    ... okay on input line 10.
LaTeX Font Info:    Checking defaults for OT1/cmr/m/n on input line 10.
LaTeX Font Info:    ... okay on input line 10.
LaTeX Font Info:    Checking defaults for OMS/cmsy/m/n on input line 10.
LaTeX Font Info:    ... okay on input line 10.
LaTeX Font Info:    Checking defaults for OMX/cmex/m/n on input line 10.
LaTeX Font Info:    ... okay on input line 10.
LaTeX Font Info:    Checking defaults for U/cmr/m/n on input line 10.
LaTeX Font Info:    ... okay on input line 10.
\c@lstlisting=\count97

(/usr/local/texlive/2015/texmf-dist/tex/context/base/supp-pdf.mkii
[Loading MPS to PDF converter (version 2006.09.02).]
\scratchcounter=\count98
\scratchdimen=\dimen109
\scratchbox=\box30
\nofMPsegments=\count99
\nofMParguments=\count100
\everyMPshowfont=\toks18
\MPscratchCnt=\count101
\MPscratchDim=\dimen110
\MPnumerator=\count102
\makeMPintoPDFobject=\count103
\everyMPtoPDFconversion=\toks19
) (/usr/local/texlive/2015/texmf-dist/tex/generic/oberdiek/pdftexcmds.sty
Package: pdftexcmds 2011/11/29 v0.20 Utility functions of pdfTeX for LuaTeX (HO
)

(/usr/local/texlive/2015/texmf-dist/tex/generic/oberdiek/ifluatex.sty
Package: ifluatex 2010/03/01 v1.3 Provides the ifluatex switch (HO)
Package ifluatex Info: LuaTeX not detected.
)
(/usr/local/texlive/2015/texmf-dist/tex/generic/oberdiek/ifpdf.sty
Package: ifpdf 2011/01/30 v2.3 Provides the ifpdf switch (HO)
Package ifpdf Info: pdfTeX in PDF mode is detected.
)
Package pdftexcmds Info: LuaTeX not detected.
Package pdftexcmds Info: \pdf@primitive is available.
Package pdftexcmds Info: \pdf@ifprimitive is available.
Package pdftexcmds Info: \pdfdraftmode found.
)
(/usr/local/texlive/2015/texmf-dist/tex/latex/oberdiek/epstopdf-base.sty
Package: epstopdf-base 2010/02/09 v2.5 Base part for package epstopdf

(/usr/local/texlive/2015/texmf-dist/tex/latex/oberdiek/grfext.sty
Package: grfext 2010/08/19 v1.1 Manage graphics extensions (HO)

(/usr/local/texlive/2015/texmf-dist/tex/generic/oberdiek/kvdefinekeys.sty
Package: kvdefinekeys 2011/04/07 v1.3 Define keys (HO)
))
(/usr/local/texlive/2015/texmf-dist/tex/latex/oberdiek/kvoptions.sty
Package: kvoptions 2011/06/30 v3.11 Key value format for package options (HO)

(/usr/local/texlive/2015/texmf-dist/tex/generic/oberdiek/kvsetkeys.sty
Package: kvsetkeys 2012/04/25 v1.16 Key value parser (HO)

(/usr/local/texlive/2015/texmf-dist/tex/generic/oberdiek/etexcmds.sty
Package: etexcmds 2011/02/16 v1.5 Avoid name clashes with e-TeX commands (HO)
Package etexcmds Info: Could not find \expanded.
(etexcmds)             That can mean that you are not using pdfTeX 1.50 or
(etexcmds)             that some package has redefined \expanded.
(etexcmds)             In the latter case, load this package earlier.
)))
Package grfext Info: Graphics extension search list:
(grfext)             [.jpeg,.png,.eps]
(grfext)             \AppendGraphicsExtensions on input line 452.

(/usr/local/texlive/2015/texmf-dist/tex/latex/latexconfig/epstopdf-sys.cfg
File: epstopdf-sys.cfg 2010/07/13 v1.3 Configuration of (r)epstopdf for TeX Liv
e
))
LaTeX Font Info:    External font `cmex10' loaded for size
(Font)              <7> on input line 20.
LaTeX Font Info:    External font `cmex10' loaded for size
(Font)              <5> on input line 20.

</Users/llaryssa/Documents/Stevens/CS532-3DCV/CS532-assignments/assignment5/img
s/voxel1.png, id=1, 1291.82625pt x 704.6325pt>
File: /Users/llaryssa/Documents/Stevens/CS532-3DCV/CS532-assignments/assignment
5/imgs/voxel1.png Graphic file (type png)

<use /Users/llaryssa/Documents/Stevens/CS532-3DCV/CS532-assignments/assignment5
/imgs/voxel1.png>
Package pdftex.def Info: /Users/llaryssa/Documents/Stevens/CS532-3DCV/CS532-ass
ignments/assignment5/imgs/voxel1.png used on input line 25.
(pdftex.def)             Requested size: 180.85443pt x 98.64787pt.

</Users/llaryssa/Documents/Stevens/CS532-3DCV/CS532-assignments/assignment5/img
s/voxel2.png, id=3, 1295.84125pt x 706.64pt>
File: /Users/llaryssa/Documents/Stevens/CS532-3DCV/CS532-assignments/assignment
5/imgs/voxel2.png Graphic file (type png)

<use /Users/llaryssa/Documents/Stevens/CS532-3DCV/CS532-assignments/assignment5
/imgs/voxel2.png>
Package pdftex.def Info: /Users/llaryssa/Documents/Stevens/CS532-3DCV/CS532-ass
ignments/assignment5/imgs/voxel2.png used on input line 31.
(pdftex.def)             Requested size: 181.41653pt x 98.92892pt.

</Users/llaryssa/Documents/Stevens/CS532-3DCV/CS532-assignments/assignment5/img
s/voxel3.png, id=4, 1293.83376pt x 703.62875pt>
File: /Users/llaryssa/Documents/Stevens/CS532-3DCV/CS532-assignments/assignment
5/imgs/voxel3.png Graphic file (type png)

<use /Users/llaryssa/Documents/Stevens/CS532-3DCV/CS532-assignments/assignment5
/imgs/voxel3.png>
Package pdftex.def Info: /Users/llaryssa/Documents/Stevens/CS532-3DCV/CS532-ass
ignments/assignment5/imgs/voxel3.png used on input line 37.
(pdftex.def)             Requested size: 181.13548pt x 98.50734pt.
 [1

{/usr/local/texlive/2015/texmf-var/fonts/map/pdftex/updmap/pdftex.map} </Users/
llaryssa/Documents/Stevens/CS532-3DCV/CS532-assignments/assignment5/imgs/voxel1
.png> </Users/llaryssa/Documents/Stevens/CS532-3DCV/CS532-assignments/assignmen
t5/imgs/voxel2.png> </Users/llaryssa/Documents/Stevens/CS532-3DCV/CS532-assignm
ents/assignment5/imgs/voxel3.png>]
</Users/llaryssa/Documents/Stevens/CS532-3DCV/CS532-assignments/assignment5/img
s/mean1.png, id=18, 1288.815pt x 703.62875pt>
File: /Users/llaryssa/Documents/Stevens/CS532-3DCV/CS532-assignments/assignment
5/imgs/mean1.png Graphic file (type png)

<use /Users/llaryssa/Documents/Stevens/CS532-3DCV/CS532-assignments/assignment5
/imgs/mean1.png>
Package pdftex.def Info: /Users/llaryssa/Documents/Stevens/CS532-3DCV/CS532-ass
ignments/assignment5/imgs/mean1.png used on input line 47.
(pdftex.def)             Requested size: 193.3139pt x 105.53975pt.

</Users/llaryssa/Documents/Stevens/CS532-3DCV/CS532-assignments/assignment5/img
s/mean2.png, id=19, 1294.8375pt x 707.64375pt>
File: /Users/llaryssa/Documents/Stevens/CS532-3DCV/CS532-assignments/assignment
5/imgs/mean2.png Graphic file (type png)

<use /Users/llaryssa/Documents/Stevens/CS532-3DCV/CS532-assignments/assignment5
/imgs/mean2.png>
Package pdftex.def Info: /Users/llaryssa/Documents/Stevens/CS532-3DCV/CS532-ass
ignments/assignment5/imgs/mean2.png used on input line 53.
(pdftex.def)             Requested size: 194.21724pt x 106.14198pt.

</Users/llaryssa/Documents/Stevens/CS532-3DCV/CS532-assignments/assignment5/img
s/mean3.png, id=20, 1289.81876pt x 708.6475pt>
File: /Users/llaryssa/Documents/Stevens/CS532-3DCV/CS532-assignments/assignment
5/imgs/mean3.png Graphic file (type png)

<use /Users/llaryssa/Documents/Stevens/CS532-3DCV/CS532-assignments/assignment5
/imgs/mean3.png>
Package pdftex.def Info: /Users/llaryssa/Documents/Stevens/CS532-3DCV/CS532-ass
ignments/assignment5/imgs/mean3.png used on input line 59.
(pdftex.def)             Requested size: 193.46446pt x 106.29254pt.
 [2 </Users/llaryssa/Documents/Stevens/CS532-3DCV/CS532-assignments/assignment5
/imgs/mean1.png> </Users/llaryssa/Documents/Stevens/CS532-3DCV/CS532-assignment
s/assignment5/imgs/mean2.png> </Users/llaryssa/Documents/Stevens/CS532-3DCV/CS5
32-assignments/assignment5/imgs/mean3.png>]
</Users/llaryssa/Documents/Stevens/CS532-3DCV/CS532-assignments/assignment5/img
s/try1.png, id=27, 1293.83376pt x 706.64pt>
File: /Users/llaryssa/Documents/Stevens/CS532-3DCV/CS532-assignments/assignment
5/imgs/try1.png Graphic file (type png)

<use /Users/llaryssa/Documents/Stevens/CS532-3DCV/CS532-assignments/assignment5
/imgs/try1.png>
Package pdftex.def Info: /Users/llaryssa/Documents/Stevens/CS532-3DCV/CS532-ass
ignments/assignment5/imgs/try1.png used on input line 67.
(pdftex.def)             Requested size: 207.01762pt x 113.0647pt.

</Users/llaryssa/Documents/Stevens/CS532-3DCV/CS532-assignments/assignment5/img
s/try2.png, id=28, 1296.845pt x 706.64pt>
File: /Users/llaryssa/Documents/Stevens/CS532-3DCV/CS532-assignments/assignment
5/imgs/try2.png Graphic file (type png)

<use /Users/llaryssa/Documents/Stevens/CS532-3DCV/CS532-assignments/assignment5
/imgs/try2.png>
Package pdftex.def Info: /Users/llaryssa/Documents/Stevens/CS532-3DCV/CS532-ass
ignments/assignment5/imgs/try2.png used on input line 73.
(pdftex.def)             Requested size: 207.49944pt x 113.0647pt.

</Users/llaryssa/Documents/Stevens/CS532-3DCV/CS532-assignments/assignment5/img
s/try3.png, id=29, 1298.8525pt x 710.655pt>
File: /Users/llaryssa/Documents/Stevens/CS532-3DCV/CS532-assignments/assignment
5/imgs/try3.png Graphic file (type png)

<use /Users/llaryssa/Documents/Stevens/CS532-3DCV/CS532-assignments/assignment5
/imgs/try3.png>
Package pdftex.def Info: /Users/llaryssa/Documents/Stevens/CS532-3DCV/CS532-ass
ignments/assignment5/imgs/try3.png used on input line 79.
(pdftex.def)             Requested size: 194.81946pt x 106.59364pt.
 [3 </Users/llaryssa/Documents/Stevens/CS532-3DCV/CS532-assignments/assignment5
/imgs/try1.png> </Users/llaryssa/Documents/Stevens/CS532-3DCV/CS532-assignments
/assignment5/imgs/try2.png> </Users/llaryssa/Documents/Stevens/CS532-3DCV/CS532
-assignments/assignment5/imgs/try3.png>] (./hw5-aseabrad.aux) ) 
Here is how much of TeX's memory you used:
 2758 strings out of 493089
 43049 string characters out of 6134842
 100916 words of memory out of 5000000
 6233 multiletter control sequences out of 15000+600000
 5193 words of font info for 19 fonts, out of 8000000 for 9000
 1141 hyphenation exceptions out of 8191
 37i,6n,32p,615b,227s stack positions out of 5000i,500n,10000p,200000b,80000s
</usr/local/texl
ive/2015/texmf-dist/fonts/type1/public/amsfonts/cm/cmbx12.pfb></usr/local/texli
ve/2015/texmf-dist/fonts/type1/public/amsfonts/cm/cmcsc10.pfb></usr/local/texli
ve/2015/texmf-dist/fonts/type1/public/amsfonts/cm/cmmi10.pfb></usr/local/texliv
e/2015/texmf-dist/fonts/type1/public/amsfonts/cm/cmr10.pfb></usr/local/texlive/
2015/texmf-dist/fonts/type1/public/amsfonts/cm/cmsy10.pfb></usr/local/texlive/2
015/texmf-dist/fonts/type1/public/amsfonts/cm/cmti10.pfb>
Output written on hw5-aseabrad.pdf (3 pages, 1014708 bytes).
PDF statistics:
 57 PDF objects out of 1000 (max. 8388607)
 27 compressed objects within 1 object stream
 0 named destinations out of 1000 (max. 500000)
 46 words of extra memory for PDF output out of 10000 (max. 10000000)

